INFO:root:total_layer_1 = 10.006555795669556
INFO:root:total_layer_2 = 0.0056951045989990234
INFO:root:total_layer_3 = 0.00580906867980957
INFO:root:total_layer_4 = 0.007680177688598633
INFO:root:Total RAM: 4156661760 bytes
INFO:root:Total RAM: 4156661760 bytes
INFO:root:Available RAM: 1599172608 bytes
INFO:root:Used RAM: 2364870656 bytes
INFO:root:RAM Usage Percentage: 61.5%
INFO:root:total_1 = 9.550255298614502
INFO:root:Total RAM: 4156661760 bytes
INFO:root:Total RAM: 4156661760 bytes
INFO:root:Available RAM: 917655552 bytes
INFO:root:Used RAM: 2976845824 bytes
INFO:root:RAM Usage Percentage: 77.9%
INFO:root:total_1 = 9.578452587127686
INFO:root:Total RAM: 4156661760 bytes
INFO:root:Total RAM: 4156661760 bytes
INFO:root:Available RAM: 914796544 bytes
INFO:root:Used RAM: 2979500032 bytes
INFO:root:RAM Usage Percentage: 78.0%
INFO:root:total_1 = 9.637799501419067
INFO:root:Total RAM: 4156661760 bytes
INFO:root:Total RAM: 4156661760 bytes
INFO:root:Available RAM: 910831616 bytes
INFO:root:Used RAM: 2983665664 bytes
INFO:root:RAM Usage Percentage: 78.1%
INFO:root:total_1 = 9.652897596359253
INFO:root:Total RAM: 4156661760 bytes
INFO:root:Total RAM: 4156661760 bytes
INFO:root:Available RAM: 905945088 bytes
INFO:root:Used RAM: 2988589056 bytes
INFO:root:RAM Usage Percentage: 78.2%
INFO:root:total_1 = 0.13855314254760742
INFO:root:Total RAM: 4156661760 bytes
INFO:root:Total RAM: 4156661760 bytes
INFO:root:Available RAM: 902074368 bytes
INFO:root:Used RAM: 2992451584 bytes
INFO:root:RAM Usage Percentage: 78.3%
INFO:root:total_1 = 0.08339881896972656
INFO:root:Total RAM: 4156661760 bytes
INFO:root:Total RAM: 4156661760 bytes
INFO:root:Available RAM: 899465216 bytes
INFO:root:Used RAM: 2994765824 bytes
INFO:root:RAM Usage Percentage: 78.4%
INFO:root:total_1 = 0.12733221054077148
INFO:root:Total RAM: 4156661760 bytes
INFO:root:Total RAM: 4156661760 bytes
INFO:root:Available RAM: 896802816 bytes
INFO:root:Used RAM: 2997694464 bytes
INFO:root:RAM Usage Percentage: 78.4%
INFO:root:total_1 = 0.1278095245361328
INFO:root:Total RAM: 4156661760 bytes
INFO:root:Total RAM: 4156661760 bytes
INFO:root:Available RAM: 897228800 bytes
INFO:root:Used RAM: 2997264384 bytes
INFO:root:RAM Usage Percentage: 78.4%
INFO:root:total_1 = 0.06719779968261719
INFO:root:Total RAM: 4156661760 bytes
INFO:root:Total RAM: 4156661760 bytes
INFO:root:Available RAM: 893001728 bytes
INFO:root:Used RAM: 3001495552 bytes
INFO:root:RAM Usage Percentage: 78.5%
INFO:root:total_1 = 0.06800532341003418
INFO:root:Total RAM: 4156661760 bytes
INFO:root:Total RAM: 4156661760 bytes
INFO:root:Available RAM: 890470400 bytes
INFO:root:Used RAM: 3004063744 bytes
INFO:root:RAM Usage Percentage: 78.6%
INFO:root:total_1 = 0.08319902420043945
INFO:root:Total RAM: 4156661760 bytes
INFO:root:Total RAM: 4156661760 bytes
INFO:root:Available RAM: 885264384 bytes
INFO:root:Used RAM: 3009269760 bytes
INFO:root:RAM Usage Percentage: 78.7%
INFO:root:total_1 = 0.07654428482055664
INFO:root:Total RAM: 4156661760 bytes
INFO:root:Total RAM: 4156661760 bytes
INFO:root:Available RAM: 880529408 bytes
INFO:root:Used RAM: 3014000640 bytes
INFO:root:RAM Usage Percentage: 78.8%
INFO:root:total_1 = 0.097900390625
INFO:root:Total RAM: 4156661760 bytes
INFO:root:Total RAM: 4156661760 bytes
INFO:root:Available RAM: 875560960 bytes
INFO:root:Used RAM: 3018969088 bytes
INFO:root:RAM Usage Percentage: 78.9%
INFO:root:total_1 = 0.09448552131652832
INFO:root:Total RAM: 4156661760 bytes
INFO:root:Total RAM: 4156661760 bytes
INFO:root:Available RAM: 873910272 bytes
INFO:root:Used RAM: 3020615680 bytes
INFO:root:RAM Usage Percentage: 79.0%
INFO:root:total_1 = 0.09553217887878418
INFO:root:Total RAM: 4156661760 bytes
INFO:root:Total RAM: 4156661760 bytes
INFO:root:Available RAM: 871047168 bytes
INFO:root:Used RAM: 3023458304 bytes
INFO:root:RAM Usage Percentage: 79.0%
INFO:root:total_1 = 0.09379410743713379
INFO:root:Total RAM: 4156661760 bytes
INFO:root:Total RAM: 4156661760 bytes
INFO:root:Available RAM: 862826496 bytes
INFO:root:Used RAM: 3031625728 bytes
INFO:root:RAM Usage Percentage: 79.2%
INFO:root:total_1 = 0.11377286911010742
INFO:root:Total RAM: 4156661760 bytes
INFO:root:Total RAM: 4156661760 bytes
INFO:root:Available RAM: 860807168 bytes
INFO:root:Used RAM: 3033837568 bytes
INFO:root:RAM Usage Percentage: 79.3%
INFO:root:total_1 = 0.11144781112670898
INFO:root:Total RAM: 4156661760 bytes
INFO:root:Total RAM: 4156661760 bytes
INFO:root:Available RAM: 856473600 bytes
INFO:root:Used RAM: 3038167040 bytes
INFO:root:RAM Usage Percentage: 79.4%
INFO:root:total_1 = 0.13371658325195312
INFO:root:Total RAM: 4156661760 bytes
INFO:root:Total RAM: 4156661760 bytes
INFO:root:Available RAM: 854044672 bytes
INFO:root:Used RAM: 3040354304 bytes
INFO:root:RAM Usage Percentage: 79.5%
