INFO:root:total_layer_5 = 11.106642961502075
INFO:root:total_layer_6 = 0.01747584342956543
INFO:root:total_layer_7 = 0.01846933364868164
INFO:root:total_layer_8 = 0.03354454040527344
INFO:root:total_layer_9 = 0.06194472312927246
INFO:root:total_layer_10 = 0.06898713111877441
INFO:root:total_layer_11 = 0.05567574501037598
INFO:root:total_layer_12 = 0.07285118103027344
INFO:root:total_layer_13 = 0.061519622802734375
INFO:root:total_layer_fc = 0.06621026992797852
INFO:root:total_layer_fc1 = 0.46811628341674805
INFO:root:total_layer_fc2 = 0.0033330917358398438
INFO:root:Total RAM: 4156661760 bytes
INFO:root:Total RAM: 4156661760 bytes
INFO:root:Available RAM: 1460326400 bytes
INFO:root:Used RAM: 2418032640 bytes
INFO:root:RAM Usage Percentage: 64.9%
INFO:root:total_2 = 12.706797122955322
INFO:root:Total RAM: 4156661760 bytes
INFO:root:Total RAM: 4156661760 bytes
INFO:root:Available RAM: 585834496 bytes
INFO:root:Used RAM: 3347542016 bytes
INFO:root:RAM Usage Percentage: 85.9%
INFO:root:total_2 = 12.868125438690186
INFO:root:Total RAM: 4156661760 bytes
INFO:root:Total RAM: 4156661760 bytes
INFO:root:Available RAM: 585543680 bytes
INFO:root:Used RAM: 3348054016 bytes
INFO:root:RAM Usage Percentage: 85.9%
